Arguments: 
  C:\Program Files\nodejs\node.exe C:\Users\Thomas\AppData\Roaming\npm\node_modules\yarn\bin\yarn.js install

PATH: 
  C:\Program Files\Common Files\Oracle\Java\javapath;C:\Windows\system32;C:\Windows;C:\Windows\System32\Wbem;C:\Windows\System32\WindowsPowerShell\v1.0\;C:\Windows\System32\OpenSSH\;C:\Program Files (x86)\NVIDIA Corporation\PhysX\Common;C:\Program Files\nodejs\;C:\Program Files\Git\cmd;C:\Users\Thomas\AppData\Local\Microsoft\WindowsApps;;C:\Users\Thomas\AppData\Local\Programs\Microsoft VS Code\bin;C:\Users\Thomas\AppData\Roaming\npm

Yarn version: 
  1.22.11

Node version: 
  14.17.5

Platform: 
  win32 x64

Trace: 
  Error: 4392:error:1408F119:SSL routines:ssl3_get_record:decryption failed or bad record mac:c:\ws\deps\openssl\openssl\ssl\record\ssl3_record.c:677:

npm manifest: 
  {
     "name": "backend",
     "version": "0.0.1",
     "license": "MIT",
     "description": "Awesome project developed with TypeORM.",
     "devDependencies": {
        "@types/cors": "^2.8.12",
        "@types/node": "^8.0.29",
        "nodemon": "^2.0.12",
        "ts-node": "3.3.0",
        "typescript": "^4.3.5"
     },
     "dependencies": {
        "@types/express": "^4.17.13",
        "body-parser": "^1.18.1",
        "cors": "^2.8.5",
        "express": "^4.15.4",
        "pg": "^8.4.0",
        "reflect-metadata": "^0.1.10",
        "typeorm": "0.2.36"
     },
     "scripts": {
        "build": "tsc -p .",
        "dev": "nodemon src/index.ts",
        "start": "cd dist && node src/index.js"
     }
  }

yarn manifest: 
  No manifest

Lockfile: 
  No lockfile
